  Application.cpp
D:\progarmming\OpenGL\OpenGLTutorial\OpenGLTutorial\src\Application.cpp(173,52): warning C4305: “参数”: 从“double”到“float”截断
  IndexBuffer.cpp
  Mesh.cpp
  Model.cpp
  Renderer.cpp
D:\progarmming\OpenGL\OpenGLTutorial\OpenGLTutorial\src\Renderer.cpp(30,20): warning C4018: “<”: 有符号/无符号不匹配
  Shader.cpp
  Texture.cpp
  VertexArray.cpp
  VertexBuffer.cpp
  正在生成代码...
LINK : warning LNK4098: 默认库“MSVCRT”与其他库的使用冲突；请使用 /NODEFAULTLIB:library
LINK : warning LNK4098: 默认库“LIBCMT”与其他库的使用冲突；请使用 /NODEFAULTLIB:library
Model.obj : error LNK2019: 无法解析的外部符号 "public: __thiscall Assimp::Importer::Importer(void)" (??0Importer@Assimp@@QAE@XZ)，函数 "private: void __thiscall Model::loadModel(class std::basic_string<char,struct std::char_traits<char>,class std::allocator<char> >)" (?loadModel@Model@@AAEXV?$basic_string@DU?$char_traits@D@std@@V?$allocator@D@2@@std@@@Z) 中引用了该符号
Model.obj : error LNK2019: 无法解析的外部符号 "public: __thiscall Assimp::Importer::~Importer(void)" (??1Importer@Assimp@@QAE@XZ)，函数 "private: void __thiscall Model::loadModel(class std::basic_string<char,struct std::char_traits<char>,class std::allocator<char> >)" (?loadModel@Model@@AAEXV?$basic_string@DU?$char_traits@D@std@@V?$allocator@D@2@@std@@@Z) 中引用了该符号
Model.obj : error LNK2019: 无法解析的外部符号 "public: struct aiScene const * __thiscall Assimp::Importer::ReadFile(char const *,unsigned int)" (?ReadFile@Importer@Assimp@@QAEPBUaiScene@@PBDI@Z)，函数 "public: struct aiScene const * __thiscall Assimp::Importer::ReadFile(class std::basic_string<char,struct std::char_traits<char>,class std::allocator<char> > const &,unsigned int)" (?ReadFile@Importer@Assimp@@QAEPBUaiScene@@ABV?$basic_string@DU?$char_traits@D@std@@V?$allocator@D@2@@std@@I@Z) 中引用了该符号
Model.obj : error LNK2019: 无法解析的外部符号 "public: char const * __thiscall Assimp::Importer::GetErrorString(void)const " (?GetErrorString@Importer@Assimp@@QBEPBDXZ)，函数 "private: void __thiscall Model::loadModel(class std::basic_string<char,struct std::char_traits<char>,class std::allocator<char> >)" (?loadModel@Model@@AAEXV?$basic_string@DU?$char_traits@D@std@@V?$allocator@D@2@@std@@@Z) 中引用了该符号
Model.obj : error LNK2019: 无法解析的外部符号 _aiGetMaterialTextureCount，函数 "public: unsigned int __thiscall aiMaterial::GetTextureCount(enum aiTextureType)const " (?GetTextureCount@aiMaterial@@QBEIW4aiTextureType@@@Z) 中引用了该符号
Model.obj : error LNK2019: 无法解析的外部符号 _aiGetMaterialTexture，函数 "public: enum aiReturn __thiscall aiMaterial::GetTexture(enum aiTextureType,unsigned int,struct aiString *,enum aiTextureMapping *,unsigned int *,float *,enum aiTextureOp *,enum aiTextureMapMode *)const " (?GetTexture@aiMaterial@@QBE?AW4aiReturn@@W4aiTextureType@@IPAUaiString@@PAW4aiTextureMapping@@PAIPAMPAW4aiTextureOp@@PAW4aiTextureMapMode@@@Z) 中引用了该符号
D:\progarmming\OpenGL\OpenGLTutorial\Dependencies\Assimp\lib\assimp-vc142-mt.lib : warning LNK4272: 库计算机类型“x64”与目标计算机类型“x86”冲突
D:\progarmming\OpenGL\OpenGLTutorial\Debug\OpenGLTutorial.exe : fatal error LNK1120: 6 个无法解析的外部命令
