  Application.cpp
C:\Users\Chen\Desktop\OpenGLTutorial\OpenGLTutorial\src\Application.cpp(261,52): warning C4305: “参数”: 从“double”到“float”截断
C:\Users\Chen\Desktop\OpenGLTutorial\OpenGLTutorial\src\Application.cpp(270,54): warning C4305: “参数”: 从“double”到“float”截断
x64\Debug\Application.obj : warning LNK4042: 对象被多次指定；已忽略多余的指定
x64\Debug\Camera.obj : warning LNK4042: 对象被多次指定；已忽略多余的指定
x64\Debug\glm.obj : warning LNK4042: 对象被多次指定；已忽略多余的指定
x64\Debug\imgui.obj : warning LNK4042: 对象被多次指定；已忽略多余的指定
x64\Debug\imgui_demo.obj : warning LNK4042: 对象被多次指定；已忽略多余的指定
x64\Debug\imgui_draw.obj : warning LNK4042: 对象被多次指定；已忽略多余的指定
x64\Debug\imgui_impl_glfw.obj : warning LNK4042: 对象被多次指定；已忽略多余的指定
x64\Debug\imgui_impl_opengl3.obj : warning LNK4042: 对象被多次指定；已忽略多余的指定
x64\Debug\imgui_tables.obj : warning LNK4042: 对象被多次指定；已忽略多余的指定
x64\Debug\imgui_widgets.obj : warning LNK4042: 对象被多次指定；已忽略多余的指定
x64\Debug\IndexBuffer.obj : warning LNK4042: 对象被多次指定；已忽略多余的指定
x64\Debug\InputSystem.obj : warning LNK4042: 对象被多次指定；已忽略多余的指定
x64\Debug\Mesh.obj : warning LNK4042: 对象被多次指定；已忽略多余的指定
x64\Debug\Model.obj : warning LNK4042: 对象被多次指定；已忽略多余的指定
x64\Debug\Renderer.obj : warning LNK4042: 对象被多次指定；已忽略多余的指定
x64\Debug\Shader.obj : warning LNK4042: 对象被多次指定；已忽略多余的指定
x64\Debug\stb_image.obj : warning LNK4042: 对象被多次指定；已忽略多余的指定
x64\Debug\Texture.obj : warning LNK4042: 对象被多次指定；已忽略多余的指定
x64\Debug\VertexArray.obj : warning LNK4042: 对象被多次指定；已忽略多余的指定
x64\Debug\VertexBuffer.obj : warning LNK4042: 对象被多次指定；已忽略多余的指定
LINK : warning LNK4098: 默认库“MSVCRT”与其他库的使用冲突；请使用 /NODEFAULTLIB:library
LINK : warning LNK4098: 默认库“LIBCMT”与其他库的使用冲突；请使用 /NODEFAULTLIB:library
glew32s.lib(glew.obj) : warning LNK4099: 未找到 PDB“vc120.pdb”(使用“glew32s.lib(glew.obj)”或在“C:\Users\Chen\Desktop\OpenGLTutorial\x64\Debug\vc120.pdb”中寻找)；正在链接对象，如同没有调试信息一样
  OpenGLTutorial.vcxproj -> C:\Users\Chen\Desktop\OpenGLTutorial\x64\Debug\OpenGLTutorial.exe
